This is pdfTeX, Version 3.1415926-1.40.9 (MiKTeX 2.7) (preloaded format=pdflatex 2009.11.9)  11 NOV 2009 01:33
entering extended mode
**MohPaper3.tex
(MohPaper3.tex
LaTeX2e <2005/12/01>
Babel <v3.8l> and hyphenation patterns for english, dumylang, nohyphenation, ge
rman, ngerman, german-x-2008-06-18, ngerman-x-2008-06-18, french, loaded.
(IEEEtran.cls
Document Class: IEEEtran 2007/03/05 V1.7a by Michael Shell
-- See the "IEEEtran_HOWTO" manual for usage information.
-- http://www.michaelshell.org/tex/ieeetran/
\@IEEEtrantmpdimenA=\dimen102
\@IEEEtrantmpdimenB=\dimen103
\@IEEEtrantmpcountA=\count79
\@IEEEtrantmpcountB=\count80
\@IEEEtrantmptoksA=\toks14
-- Using IEEE Computer Society mode.
LaTeX Font Info:    Try loading font information for OT1+ptm on input line 366.

("D:\Program Files\MiKTeX 2.7\tex\latex\psnfss\ot1ptm.fd"
File: ot1ptm.fd 2001/06/04 font definitions for OT1/ptm.
)
-- Using 8.5in x 11in (letter) paper.
-- Using PDF output.
\@IEEEnormalsizeunitybaselineskip=\dimen104
-- This is a 10 point document.
\CLASSINFOnormalsizebaselineskip=\dimen105
\CLASSINFOnormalsizeunitybaselineskip=\dimen106
\IEEEnormaljot=\dimen107
LaTeX Font Info:    Font shape `OT1/ptm/bx/n' in size <5> not available
(Font)              Font shape `OT1/ptm/b/n' tried instead on input line 724.
LaTeX Font Info:    Font shape `OT1/ptm/bx/it' in size <5> not available
(Font)              Font shape `OT1/ptm/b/it' tried instead on input line 724.
LaTeX Font Info:    Font shape `OT1/ptm/bx/n' in size <7> not available
(Font)              Font shape `OT1/ptm/b/n' tried instead on input line 724.
LaTeX Font Info:    Font shape `OT1/ptm/bx/it' in size <7> not available
(Font)              Font shape `OT1/ptm/b/it' tried instead on input line 724.
LaTeX Font Info:    Font shape `OT1/ptm/bx/n' in size <8> not available
(Font)              Font shape `OT1/ptm/b/n' tried instead on input line 724.
LaTeX Font Info:    Font shape `OT1/ptm/bx/it' in size <8> not available
(Font)              Font shape `OT1/ptm/b/it' tried instead on input line 724.
LaTeX Font Info:    Font shape `OT1/ptm/bx/n' in size <9> not available
(Font)              Font shape `OT1/ptm/b/n' tried instead on input line 724.
LaTeX Font Info:    Font shape `OT1/ptm/bx/it' in size <9> not available
(Font)              Font shape `OT1/ptm/b/it' tried instead on input line 724.
LaTeX Font Info:    Font shape `OT1/ptm/bx/n' in size <10> not available
(Font)              Font shape `OT1/ptm/b/n' tried instead on input line 724.
LaTeX Font Info:    Font shape `OT1/ptm/bx/it' in size <10> not available
(Font)              Font shape `OT1/ptm/b/it' tried instead on input line 724.
LaTeX Font Info:    Font shape `OT1/ptm/bx/n' in size <11> not available
(Font)              Font shape `OT1/ptm/b/n' tried instead on input line 724.
LaTeX Font Info:    Font shape `OT1/ptm/bx/it' in size <11> not available
(Font)              Font shape `OT1/ptm/b/it' tried instead on input line 724.
LaTeX Font Info:    Font shape `OT1/ptm/bx/n' in size <12> not available
(Font)              Font shape `OT1/ptm/b/n' tried instead on input line 724.
LaTeX Font Info:    Font shape `OT1/ptm/bx/it' in size <12> not available
(Font)              Font shape `OT1/ptm/b/it' tried instead on input line 724.
LaTeX Font Info:    Font shape `OT1/ptm/bx/n' in size <17> not available
(Font)              Font shape `OT1/ptm/b/n' tried instead on input line 724.
LaTeX Font Info:    Font shape `OT1/ptm/bx/it' in size <17> not available
(Font)              Font shape `OT1/ptm/b/it' tried instead on input line 724.
LaTeX Font Info:    Font shape `OT1/ptm/bx/n' in size <20> not available
(Font)              Font shape `OT1/ptm/b/n' tried instead on input line 724.
LaTeX Font Info:    Font shape `OT1/ptm/bx/it' in size <20> not available
(Font)              Font shape `OT1/ptm/b/it' tried instead on input line 724.
LaTeX Font Info:    Font shape `OT1/ptm/bx/n' in size <24> not available
(Font)              Font shape `OT1/ptm/b/n' tried instead on input line 724.
LaTeX Font Info:    Font shape `OT1/ptm/bx/it' in size <24> not available
(Font)              Font shape `OT1/ptm/b/it' tried instead on input line 724.
\IEEEilabelindentA=\dimen108
\IEEEilabelindentB=\dimen109
\IEEEilabelindent=\dimen110
\IEEEelabelindent=\dimen111
\IEEEdlabelindent=\dimen112
\IEEElabelindent=\dimen113
\IEEEiednormlabelsep=\dimen114
\IEEEiedmathlabelsep=\dimen115
\IEEEiedtopsep=\skip41
\c@section=\count81
\c@subsection=\count82
\c@subsubsection=\count83
\c@paragraph=\count84
\c@IEEEsubequation=\count85
\abovecaptionskip=\skip42
\belowcaptionskip=\skip43
\c@figure=\count86
\c@table=\count87
\@IEEEeqnnumcols=\count88
\@IEEEeqncolcnt=\count89
\@IEEEtmpitemindent=\dimen116
\c@IEEEbiography=\count90
\@IEEEtranrubishbin=\box26
) ("D:\Program Files\MiKTeX 2.7\tex\latex\graphics\graphicx.sty"
Package: graphicx 1999/02/16 v1.0f Enhanced LaTeX Graphics (DPC,SPQR)

("D:\Program Files\MiKTeX 2.7\tex\latex\graphics\keyval.sty"
Package: keyval 1999/03/16 v1.13 key=value parser (DPC)
\KV@toks@=\toks15
)
("D:\Program Files\MiKTeX 2.7\tex\latex\graphics\graphics.sty"
Package: graphics 2006/02/20 v1.0o Standard LaTeX Graphics (DPC,SPQR)

("D:\Program Files\MiKTeX 2.7\tex\latex\graphics\trig.sty"
Package: trig 1999/03/16 v1.09 sin cos tan (DPC)
)
("D:\Program Files\MiKTeX 2.7\tex\latex\00miktex\graphics.cfg"
File: graphics.cfg 2007/01/18 v1.5 graphics configuration of teTeX/TeXLive
)
Package graphics Info: Driver file: pdftex.def on input line 90.

("D:\Program Files\MiKTeX 2.7\tex\latex\pdftex-def\pdftex.def"
File: pdftex.def 2008/09/08 v0.04l Graphics/color for pdfTeX
\Gread@gobject=\count91
))
\Gin@req@height=\dimen117
\Gin@req@width=\dimen118
)
! Extra \else.
<recently read> \else 
                      
l.136 \else
           
? 
! Extra \fi.
l.146 \fi
         
? 
(MohPaper3.aux

LaTeX Warning: Label `IEEEhowto:kopka' multiply defined.


LaTeX Warning: Label `IEEEhowto:kopka' multiply defined.


LaTeX Warning: Label `IEEEhowto:kopka' multiply defined.


LaTeX Warning: Label `IEEEhowto:kopka' multiply defined.


LaTeX Warning: Label `IEEEhowto:kopka' multiply defined.


LaTeX Warning: Label `IEEEhowto:kopka' multiply defined.


LaTeX Warning: Label `IEEEhowto:kopka' multiply defined.


LaTeX Warning: Label `IEEEhowto:kopka' multiply defined.


LaTeX Warning: Label `IEEEhowto:kopka' multiply defined.


LaTeX Warning: Label `IEEEhowto:kopka' multiply defined.


LaTeX Warning: Label `IEEEhowto:kopka' multiply defined.


LaTeX Warning: Label `IEEEhowto:kopka' multiply defined.


LaTeX Warning: Label `IEEEhowto:kopka' multiply defined.


LaTeX Warning: Label `IEEEhowto:kopka' multiply defined.


LaTeX Warning: Label `IEEEhowto:kopka' multiply defined.

)
LaTeX Font Info:    Checking defaults for OML/cmm/m/it on input line 351.
LaTeX Font Info:    ... okay on input line 351.
LaTeX Font Info:    Checking defaults for T1/cmr/m/n on input line 351.
LaTeX Font Info:    ... okay on input line 351.
LaTeX Font Info:    Checking defaults for OT1/cmr/m/n on input line 351.
LaTeX Font Info:    ... okay on input line 351.
LaTeX Font Info:    Checking defaults for OMS/cmsy/m/n on input line 351.
LaTeX Font Info:    ... okay on input line 351.
LaTeX Font Info:    Checking defaults for OMX/cmex/m/n on input line 351.
LaTeX Font Info:    ... okay on input line 351.
LaTeX Font Info:    Checking defaults for U/cmr/m/n on input line 351.
LaTeX Font Info:    ... okay on input line 351.
 ("D:\Program Files\MiKTeX 2.7\tex\context\base\supp-pdf.tex"
[Loading MPS to PDF converter (version 2006.09.02).]
\scratchcounter=\count92
\scratchdimen=\dimen119
\scratchbox=\box27
\nofMPsegments=\count93
\nofMParguments=\count94
\everyMPshowfont=\toks16
\MPscratchCnt=\count95
\MPscratchDim=\dimen120
\MPnumerator=\count96
\everyMPtoPDFconversion=\toks17
)
LaTeX Font Info:    Try loading font information for OT1+phv on input line 403.

 ("D:\Program Files\MiKTeX 2.7\tex\latex\psnfss\ot1phv.fd"
File: ot1phv.fd 2001/06/04 scalable font definitions for OT1/phv.
)
LaTeX Font Info:    Font shape `OT1/ptm/bx/n' in size <14> not available
(Font)              Font shape `OT1/ptm/b/n' tried instead on input line 403.

! Misplaced alignment tab character &.
l.440 ... scalable access to computing resources &
                                                   IT services. Cloud comput...

? 
Missing character: There is no “ in font ptmr7t!
Missing character: There is no ‘ in font ptmr7t!
Missing character: There is no ’ in font ptmr7t!
Missing character: There is no ” in font ptmr7t!
Missing character: There is no ’ in font ptmr7t!
Missing character: There is no … in font ptmr7t!
LaTeX Font Info:    External font `cmex10' loaded for size
(Font)              <7> on input line 456.
LaTeX Font Info:    External font `cmex10' loaded for size
(Font)              <5> on input line 456.
[1{D:/Documents and Settings/All Users/Application Data/MiKTeX/2.7/pdftex/confi
g/pdftex.map}


]
Missing character: There is no “ in font ptmr7t!
Missing character: There is no ” in font ptmr7t!


LaTeX Warning: File `Clould provider.jpg' not found on input line 505.

<Clould provider.jpg, id=9, 532.99126pt x 402.75468pt>
File: Clould provider.jpg Graphic file (type jpg)

<use Clould provider.jpg> [2]
Missing character: There is no — in font ptmr7t!
Missing character: There is no ’ in font ptmr7t!
Missing character: There is no ’ in font ptmr7t!


LaTeX Warning: File `The Cloud Computing Infrastructure.jpg' not found on input
 line 522.

<The Cloud Computing Infrastructure.jpg, id=13, 385.44pt x 472.76625pt>
File: The Cloud Computing Infrastructure.jpg Graphic file (type jpg)

<use The Cloud Computing Infrastructure.jpg>
Overfull \hbox (21.3804pt too wide) in paragraph at lines 522--524
 [][] 
 []


LaTeX Warning: File `Google search.png' not found on input line 574.

<Google search.png, id=14, 754.82pt x 416.55624pt>
File: Google search.png Graphic file (type png)
 <use Google search.png>
Overfull \hbox (29.07623pt too wide) in paragraph at lines 574--575
 [] 
 []

[3 <Clould provider.jpg> <The Cloud Computing Infrastructure.jpg>]
Missing character: There is no ’ in font ptmr7t!


LaTeX Warning: File `Comparision cloud platform.png' not found on input line 59
6.

<Comparision cloud platform.png, id=19, 643.40375pt x 590.205pt>
File: Comparision cloud platform.png Graphic file (type png)

<use Comparision cloud platform.png>
Missing character: There is no “ in font ptmr7t!
Missing character: There is no ” in font ptmr7t!
Missing character: There is no “ in font ptmr7t!
Missing character: There is no ” in font ptmr7t!
Missing character: There is no “ in font ptmr7t!
Missing character: There is no ” in font ptmr7t!
Missing character: There is no “ in font ptmr7t!
Missing character: There is no ” in font ptmr7t!
Missing character: There is no ’ in font ptmr7t!
Missing character: There is no ’ in font ptmr7t!
 [4 <Google search.png (PNG copy)> <Comparision cloud platform.png (PNG copy)>]


LaTeX Warning: File `EC2 instances.jpg' not found on input line 612.

<EC2 instances.jpg, id=23, 385.44pt x 289.08pt>
File: EC2 instances.jpg Graphic file (type jpg)
 <use EC2 instances.jpg>
Overfull \hbox (4.24762pt too wide) in paragraph at lines 612--613
 [] 
 []


Underfull \vbox (badness 10000) has occurred while \output is active []

 [5 <EC2 instances.jpg>] [6]
! Illegal unit of measure (pt inserted).
<to be read again> 
                   \protect 
l.931 ...Avision for the Internet}, \hskip , \emph
                                                   \ST Journal of research, ...

? 
! Undefined control sequence.
<recently read> \ST 
                    
l.931 ...ion for the Internet}, \hskip , \emph \ST
                                                   Journal of research, 2(1)...

? 
! Missing number, treated as zero.
<to be read again> 
                   \aftergroup 
l.934 ...ends. 12 June 2008 \emph{ } \emph  \hskip
                                                   \relax http://www.mongans...

? 
! Illegal unit of measure (pt inserted).
<to be read again> 
                   \aftergroup 
l.934 ...ends. 12 June 2008 \emph{ } \emph  \hskip
                                                   \relax http://www.mongans...

? 

Underfull \hbox (badness 10000) in paragraph at lines 934--935
[]\OT1/ptm/m/n/9 Morgan Stan-ley. Tech-nol-ogy Trends. 12 June 2008
 []


Overfull \hbox (86.49838pt too wide) in paragraph at lines 934--935
\OT1/ptm/m/n/9 http://www.monganstanley.com/institutional/techresearch/pdfs/Tec
chTrends062008.pdf
 []

[7]
! Illegal unit of measure (pt inserted).
<to be read again> 
                   \protect 
l.937 ...Computing Infrastructure}, \hskip , \emph
                                                   \Morgan Kaufmann, San Fra...

? 
! Undefined control sequence.
<recently read> \Morgan 
                        
l.937 ...g Infrastructure}, \hskip , \emph \Morgan
                                                   Kaufmann, San Francisco, ...

? 

Underfull \hbox (badness 10000) in paragraph at lines 940--941
[]\OT1/ptm/m/n/9 I. Li-orente, Open-Neb-uala Project.   \OT1/ptm/m/it/9 ,
 []

! Illegal unit of measure (pt inserted).
<to be read again> 
                   \protect 
l.943 ...{Computing in the Clouds}, \hskip , \emph
                                                  , \netWorkers 11(4):16-25,...

? 
! Undefined control sequence.
l.943 ... the Clouds}, \hskip , \emph, \netWorkers
                                                   11(4):16-25, Dos- 2007.
? 
! Missing number, treated as zero.
<to be read again> 
                   \protect 
l.946 ... Cloud- computing System }, \hskip  \emph
                                                   \relax ACM pp.1–5.
? 
! Illegal unit of measure (pt inserted).
<to be read again> 
                   \protect 
l.946 ... Cloud- computing System }, \hskip  \emph
                                                   \relax ACM pp.1–5.
? 
Missing character: There is no – in font ptmr7t!

Underfull \hbox (badness 10000) in paragraph at lines 953--954
[]\OT1/ptm/m/n/9 Enomalism elas-tic com-put-ing in-fras-truc-ture,  http://
 []

! Missing number, treated as zero.
<to be read again> 
                   \protect 
l.957 ...uality of life in the grid}, \hskip \emph
                                                   \relax Sci. Program., 13(...

? 
! Illegal unit of measure (pt inserted).
<to be read again> 
                   \protect 
l.957 ...uality of life in the grid}, \hskip \emph
                                                   \relax Sci. Program., 13(...

? 
Missing character: There is no – in font ptmr7t!
! Missing number, treated as zero.
<to be read again> 
                   \protect 
l.960 ...ers in a grid site manager}, \hskip \emph
                                                   \relax High Performance D...

? 
! Illegal unit of measure (pt inserted).
<to be read again> 
                   \protect 
l.960 ...ers in a grid site manager}, \hskip \emph
                                                   \relax High Performance D...

? 
Missing character: There is no – in font ptmr7t!
! Illegal unit of measure (pt inserted).
<to be read again> 
                   \protect 
l.963 ...ters of Virtual Machines}, \hskip , \emph
                                                  , \relax In Proceedings of...

? 
! Missing $ inserted.
<inserted text> 
                $
l.966 ...//cloudcomputing.sys-con.com/read/612375_
                                                  p.htm[18 July 2008].
? 
LaTeX Font Info:    External font `cmex10' loaded for size
(Font)              <9> on input line 966.
LaTeX Font Info:    External font `cmex10' loaded for size
(Font)              <6> on input line 966.
! Missing $ inserted.
<inserted text> 
                $
l.967 
      
? 
! Missing } inserted.
<inserted text> 
                }
l.967 
      
? 

Underfull \hbox (badness 10000) in paragraph at lines 966--967
[]\OT1/ptm/m/n/9 Twenty Ex-perts De-fine Cloud Com-
 []


Underfull \hbox (badness 10000) in paragraph at lines 966--967
\OT1/ptm/m/n/9 put-ing ,  http://cloudcomputing.sys-
 []

! Extra }, or forgotten \endgroup.
\par ...m \@noitemerr {\@@par }\fi \else {\@@par }
                                                  \fi 
l.967 
      
? 

Underfull \hbox (badness 10000) in paragraph at lines 969--970
[]\OT1/ptm/m/n/9 Amazon Elas-tic Com-pute Cloud (EC2),
 []


** Conference Paper **
Before submitting the final camera ready copy, remember to:

 1. Manually equalize the lengths of two columns on the last page
 of your paper;

 2. Ensure that any PostScript and/or PDF output post-processing
 uses only Type 1 fonts and that every step in the generation
 process uses the appropriate paper size.

[8

] (MohPaper3.aux)

LaTeX Warning: There were multiply-defined labels.

 ) 
Here is how much of TeX's memory you used:
 1658 strings out of 95304
 25262 string characters out of 1183032
 82449 words of memory out of 1500000
 4893 multiletter control sequences out of 110000
 38274 words of font info for 72 fonts, out of 3000000 for 5000
 17 hyphenation exceptions out of 8191
 26i,8n,21p,2982b,297s stack positions out of 5000i,500n,10000p,200000b,50000s
{D:/Program Files/MiKTeX 2.7/fonts/enc/dvips/fontname/8r.enc}<D:/Program File
s/MiKTeX 2.7/fonts/type1/bluesky/cm/cmmi6.pfb><D:/Program Files/MiKTeX 2.7/font
s/type1/bluesky/cm/cmmi9.pfb><D:/Program Files/MiKTeX 2.7/fonts/type1/bluesky/c
m/cmr9.pfb><D:/Program Files/MiKTeX 2.7/fonts/type1/bluesky/cm/cmsy7.pfb><D:/Pr
ogram Files/MiKTeX 2.7/fonts/type1/urw/helvetic/uhvr8a.pfb><D:/Program Files/Mi
KTeX 2.7/fonts/type1/urw/times/utmb8a.pfb><D:/Program Files/MiKTeX 2.7/fonts/ty
pe1/urw/times/utmr8a.pfb><D:/Program Files/MiKTeX 2.7/fonts/type1/urw/times/utm
ri8a.pfb>
Output written on MohPaper3.pdf (8 pages, 426373 bytes).
PDF statistics:
 67 PDF objects out of 1000 (max. 8388607)
 0 named destinations out of 1000 (max. 131072)
 26 words of extra memory for PDF output out of 10000 (max. 10000000)

